C51 COMPILER V9.59.0.0   BEEP                                                              09/05/2025 19:07:46 PAGE 1   


C51 COMPILER V9.59.0.0, COMPILATION OF MODULE BEEP
OBJECT MODULE PLACED IN .\Obj\beep.obj
COMPILER INVOKED BY: D:\Program Files\Keil\Keil_v5\C51\BIN\C51.EXE App\Beep\beep.c OPTIMIZE(8,SPEED) BROWSE INCDIR(.\Pub
                    -lic;.\App\LCD1602;.\App\LED;.\App\Button;.\App\Beep;.\App\Motor;.\App\Change;.\App\Paused;.\App\Eeprow) DEBUG OBJECTEXTE
                    -ND PRINT(.\Obj\beep.lst) TABS(2) OBJECT(.\Obj\beep.obj)

line level    source

   1          #include "beep.h"
   2          
   3          //·äÃùÆ÷Âö³åÃù½Ð1ms
   4          void beep_voice(uint time)
   5          {
   6   1        beep_data=0;
   7   1        while(time--)
   8   1        {
   9   2          beep_data=!beep_data;
  10   2          delay_ms(1);
  11   2        }
  12   1      }
  13          
  14          void beep_start()
  15          {
  16   1        uint i=3;
  17   1        while(i--)
  18   1        {
  19   2          beep_voice(200);
  20   2          delay_ms(100);
  21   2        }
  22   1        beep_data=1;
  23   1      }
  24          void beep_yes()
  25          {
  26   1        beep_voice(800);
  27   1        delay_ms(100);
  28   1        beep_data=1;
  29   1      }
  30          void beep_no()
  31          {
  32   1        uint i=2;
  33   1        while(i--)
  34   1        {
  35   2          beep_voice(250);
  36   2          delay_ms(100);
  37   2        }
  38   1        beep_data=1;
  39   1      }
  40          
  41          void beep_paused()
  42          {
  43   1        uint i=4;
  44   1        while(i--)
  45   1        {
  46   2          beep_voice(250);
  47   2          delay_ms(100);
  48   2        }
  49   1        beep_data=1;
  50   1      }
  51          
  52          void beep_change_start()
  53          {
C51 COMPILER V9.59.0.0   BEEP                                                              09/05/2025 19:07:46 PAGE 2   

  54   1        beep_voice(200);
  55   1        delay_ms(50);
  56   1        beep_data=1;
  57   1      }
  58          void beep_change_ok()
  59          {
  60   1        beep_voice(400);
  61   1        delay_ms(50);
  62   1        beep_data=1;
  63   1      }
  64          void beep_change_fin()
  65          {
  66   1        uint i=5;
  67   1        while(i--)
  68   1        {
  69   2          beep_voice(100);
  70   2          delay_ms(50);
  71   2        }
  72   1        beep_data=1;
  73   1      }


MODULE INFORMATION:   STATIC OVERLAYABLE
   CODE SIZE        =    234    ----
   CONSTANT SIZE    =   ----    ----
   XDATA SIZE       =   ----    ----
   PDATA SIZE       =   ----    ----
   DATA SIZE        =   ----      10
   IDATA SIZE       =   ----    ----
   BIT SIZE         =   ----    ----
END OF MODULE INFORMATION.


C51 COMPILATION COMPLETE.  0 WARNING(S),  0 ERROR(S)
