C51 COMPILER V9.59.0.0   MOTOR                                                             09/05/2025 19:07:46 PAGE 1   


C51 COMPILER V9.59.0.0, COMPILATION OF MODULE MOTOR
OBJECT MODULE PLACED IN .\Obj\motor.obj
COMPILER INVOKED BY: D:\Program Files\Keil\Keil_v5\C51\BIN\C51.EXE App\Motor\motor.c OPTIMIZE(8,SPEED) BROWSE INCDIR(.\P
                    -ublic;.\App\LCD1602;.\App\LED;.\App\Button;.\App\Beep;.\App\Motor;.\App\Change;.\App\Paused;.\App\Eeprow) DEBUG OBJECTEX
                    -TEND PRINT(.\Obj\motor.lst) TABS(2) OBJECT(.\Obj\motor.obj)

line level    source

   1          #include "motor.h"
   2          
   3          void motor_stop()
   4          {
   5   1        DC_data=0;
   6   1      }
   7          
   8          void motor_using(uint time)
   9          {
  10   1        DC_data=1;
  11   1        delay_ms(time);
  12   1        DC_data=0;
  13   1      }//可能与lcd有冲突


MODULE INFORMATION:   STATIC OVERLAYABLE
   CODE SIZE        =     11    ----
   CONSTANT SIZE    =   ----    ----
   XDATA SIZE       =   ----    ----
   PDATA SIZE       =   ----    ----
   DATA SIZE        =   ----    ----
   IDATA SIZE       =   ----    ----
   BIT SIZE         =   ----    ----
END OF MODULE INFORMATION.


C51 COMPILATION COMPLETE.  0 WARNING(S),  0 ERROR(S)
