C51 COMPILER V9.59.0.0   PUBLIC                                                            09/05/2025 19:07:46 PAGE 1   


C51 COMPILER V9.59.0.0, COMPILATION OF MODULE PUBLIC
OBJECT MODULE PLACED IN .\Obj\public.obj
COMPILER INVOKED BY: D:\Program Files\Keil\Keil_v5\C51\BIN\C51.EXE Public\public.c OPTIMIZE(8,SPEED) BROWSE INCDIR(.\Pub
                    -lic;.\App\LCD1602;.\App\LED;.\App\Button;.\App\Beep;.\App\Motor;.\App\Change;.\App\Paused;.\App\Eeprow) DEBUG OBJECTEXTE
                    -ND PRINT(.\Obj\public.lst) TABS(2) OBJECT(.\Obj\public.obj)

line level    source

   1          #include "public.h"
   2          
   3          void delay_us(uint ten_us)
   4          {
   5   1        while(ten_us--);  
   6   1      }
   7          
   8          void delay_ms(uint ms)
   9          {
  10   1        uint i,j;
  11   1        for(i=ms;i>0;i--)
  12   1          for(j=110;j>0;j--);
  13   1      }


MODULE INFORMATION:   STATIC OVERLAYABLE
   CODE SIZE        =     41    ----
   CONSTANT SIZE    =   ----    ----
   XDATA SIZE       =   ----    ----
   PDATA SIZE       =   ----    ----
   DATA SIZE        =   ----    ----
   IDATA SIZE       =   ----    ----
   BIT SIZE         =   ----    ----
END OF MODULE INFORMATION.


C51 COMPILATION COMPLETE.  0 WARNING(S),  0 ERROR(S)
